<?xml version="1.0" encoding="UTF-8"?>
<testsuite xmlns:xsi="http://www.w3.org/2001/XMLSchema-instance" xsi:noNamespaceSchemaLocation="https://maven.apache.org/surefire/maven-surefire-plugin/xsd/surefire-test-report-3.0.xsd" version="3.0" name="com.electoral.services.ReportesServiceIntegrationTest" time="9.316" tests="5" errors="0" skipped="0" failures="0">
  <properties>
[...]
</properties>
  <testcase name="exportCsv_generaContenido" classname="com.electoral.services.ReportesServiceIntegrationTest" time="0.077">
    <system-out><![CDATA[2026-07-20T23:02:36.834-05:00  INFO 120360 --- [           main] .b.t.c.SpringBootTestContextBootstrapper : Found @SpringBootConfiguration com.electoral.ConteoElectoralApplication for test class com.electoral.services.ReportesServiceIntegrationTest

  .   ____          _            __ _ _
 /\\ / ___'_ __ _ _(_)_ __  __ _ \ \ \ \
( ( )\___ | '_ | '_| | '_ \/ _` | \ \ \ \
 \\/  ___)| |_)| | | | | || (_| |  ) ) ) )
  '  |____| .__|_| |_|_| |_\__, | / / / /
 =========|_|==============|___/=/_/_/_/
 :: Spring Boot ::                (v3.2.1)

2026-07-20T23:02:36.874-05:00  INFO 120360 --- [           main] c.e.s.ReportesServiceIntegrationTest     : Starting ReportesServiceIntegrationTest using Java 21.0.10 with PID 120360 (started by Alexi in C:\Users\Alexi\Documents\PROYECTOS\ConteoElectoral\backend)
2026-07-20T23:02:36.874-05:00 DEBUG 120360 --- [           main] c.e.s.ReportesServiceIntegrationTest     : Running with Spring Boot v3.2.1, Spring v6.1.2
2026-07-20T23:02:36.874-05:00  INFO 120360 --- [           main] c.e.s.ReportesServiceIntegrationTest     : No active profile set, falling back to 1 default profile: "default"
2026-07-20T23:02:37.964-05:00  INFO 120360 --- [           main] .s.d.r.c.RepositoryConfigurationDelegate : Bootstrapping Spring Data JPA repositories in DEFAULT mode.
2026-07-20T23:02:38.152-05:00  INFO 120360 --- [           main] .s.d.r.c.RepositoryConfigurationDelegate : Finished Spring Data repository scanning in 170 ms. Found 33 JPA repository interfaces.
2026-07-20T23:02:38.931-05:00  INFO 120360 --- [           main] o.hibernate.jpa.internal.util.LogHelper  : HHH000204: Processing PersistenceUnitInfo [name: default]
2026-07-20T23:02:39.002-05:00  INFO 120360 --- [           main] org.hibernate.Version                    : HHH000412: Hibernate ORM core version 6.4.1.Final
2026-07-20T23:02:39.035-05:00  INFO 120360 --- [           main] o.h.c.internal.RegionFactoryInitiator    : HHH000026: Second-level cache disabled
2026-07-20T23:02:39.189-05:00  INFO 120360 --- [           main] o.s.o.j.p.SpringPersistenceUnitInfo      : No LoadTimeWeaver setup: ignoring JPA class transformer
2026-07-20T23:02:39.216-05:00  INFO 120360 --- [           main] com.zaxxer.hikari.HikariDataSource       : HikariPool-1 - Starting...
2026-07-20T23:02:39.411-05:00  INFO 120360 --- [           main] com.zaxxer.hikari.pool.HikariPool        : HikariPool-1 - Added connection conn0: url=jdbc:h2:mem:testdb user=SA
2026-07-20T23:02:39.418-05:00  INFO 120360 --- [           main] com.zaxxer.hikari.HikariDataSource       : HikariPool-1 - Start completed.
2026-07-20T23:02:39.440-05:00  WARN 120360 --- [           main] org.hibernate.orm.deprecation            : HHH90000025: H2Dialect does not need to be specified explicitly using 'hibernate.dialect' (remove the property setting and it will be selected by default)
2026-07-20T23:02:40.821-05:00  INFO 120360 --- [           main] o.h.e.t.j.p.i.JtaPlatformInitiator       : HHH000489: No JTA platform available (set 'hibernate.transaction.jta.platform' to enable JTA platform integration)
2026-07-20T23:02:40.980-05:00  INFO 120360 --- [           main] j.LocalContainerEntityManagerFactoryBean : Initialized JPA EntityManagerFactory for persistence unit 'default'
2026-07-20T23:02:41.469-05:00  INFO 120360 --- [           main] o.s.d.j.r.query.QueryEnhancerFactory     : Hibernate is in classpath; If applicable, HQL parser will be used.
2026-07-20T23:02:44.599-05:00  WARN 120360 --- [           main] JpaBaseConfiguration$JpaWebConfiguration : spring.jpa.open-in-view is enabled by default. Therefore, database queries may be performed during view rendering. Explicitly configure spring.jpa.open-in-view to disable this warning
2026-07-20T23:02:45.023-05:00  INFO 120360 --- [           main] o.s.s.web.DefaultSecurityFilterChain     : Will secure any request with [org.springframework.security.web.session.DisableEncodeUrlFilter@2ab254ca, org.springframework.security.web.context.request.async.WebAsyncManagerIntegrationFilter@51516c3f, org.springframework.security.web.context.SecurityContextHolderFilter@62fd809b, org.springframework.security.web.header.HeaderWriterFilter@34594779, org.springframework.web.filter.CorsFilter@50b90535, org.springframework.security.web.authentication.logout.LogoutFilter@7bb00516, com.electoral.security.JwtAuthenticationFilter@590603cf, org.springframework.security.web.savedrequest.RequestCacheAwareFilter@349114be, org.springframework.security.web.servletapi.SecurityContextHolderAwareRequestFilter@4a0dffda, org.springframework.security.web.authentication.AnonymousAuthenticationFilter@42b4ce54, org.springframework.security.web.session.SessionManagementFilter@657b41cf, org.springframework.security.web.access.ExceptionTranslationFilter@352c62d8, org.springframework.security.web.access.intercept.AuthorizationFilter@626e1e28]
2026-07-20T23:02:45.056-05:00  INFO 120360 --- [           main] o.s.s.web.DefaultSecurityFilterChain     : Will secure any request with [org.springframework.security.web.session.DisableEncodeUrlFilter@7648167b, org.springframework.security.web.context.request.async.WebAsyncManagerIntegrationFilter@3fd6caab, org.springframework.security.web.context.SecurityContextHolderFilter@75eb3fad, org.springframework.security.web.header.HeaderWriterFilter@1e7e5906, org.springframework.security.web.authentication.logout.LogoutFilter@127b659c, org.springframework.security.web.savedrequest.RequestCacheAwareFilter@7bf4ba17, org.springframework.security.web.servletapi.SecurityContextHolderAwareRequestFilter@529bf692, org.springframework.security.web.authentication.AnonymousAuthenticationFilter@799f23e6, org.springframework.security.web.access.ExceptionTranslationFilter@66e9f5fe, org.springframework.security.web.access.intercept.AuthorizationFilter@412311a2]
2026-07-20T23:02:45.504-05:00  INFO 120360 --- [           main] o.s.m.s.b.SimpleBrokerMessageHandler     : Starting...
2026-07-20T23:02:45.507-05:00  INFO 120360 --- [           main] o.s.m.s.b.SimpleBrokerMessageHandler     : BrokerAvailabilityEvent[available=true, SimpleBrokerMessageHandler [org.springframework.messaging.simp.broker.DefaultSubscriptionRegistry@351492b8]]
2026-07-20T23:02:45.508-05:00  INFO 120360 --- [           main] o.s.m.s.b.SimpleBrokerMessageHandler     : Started.
2026-07-20T23:02:45.513-05:00  INFO 120360 --- [           main] c.e.s.ReportesServiceIntegrationTest     : Started ReportesServiceIntegrationTest in 8.664 seconds (process running for 17.051)
2026-07-20T23:02:45.516-05:00  INFO 120360 --- [           main] com.electoral.DataInitializer            : === INICIANDO DATAINITIALIZER ===
2026-07-20T23:02:45.636-05:00  INFO 120360 --- [           main] com.electoral.DataInitializer            : Roles inicializados
2026-07-20T23:02:45.764-05:00  INFO 120360 --- [           main] com.electoral.DataInitializer            : Usuario admin creado con password: admin123
2026-07-20T23:02:45.806-05:00  INFO 120360 --- [           main] com.electoral.DataInitializer            : === DATAINITIALIZER COMPLETADO ===
]]></system-out>
  </testcase>
  <testcase name="getResumen_sinVotos_retornaCeros" classname="com.electoral.services.ReportesServiceIntegrationTest" time="0.062"/>
  <testcase name="getResultadosCandidatos_retornaOrdenados" classname="com.electoral.services.ReportesServiceIntegrationTest" time="0.032"/>
  <testcase name="getResultadosPartidos_retornaAgrupados" classname="com.electoral.services.ReportesServiceIntegrationTest" time="0.067"/>
  <testcase name="getResumen_retornaDatosCorrectos" classname="com.electoral.services.ReportesServiceIntegrationTest" time="0.063"/>
</testsuite>